Connecting to database specified by database.yml
Connecting to database specified by database.yml
  [1m[36m (0.1ms)[0m  [1mselect sqlite_version(*)[0m
  [1m[35m (2.2ms)[0m  CREATE TABLE "schema_migrations" ("version" varchar(255) NOT NULL) 
  [1m[36m (0.8ms)[0m  [1mCREATE UNIQUE INDEX "unique_schema_migrations" ON "schema_migrations" ("version")[0m
  [1m[35m (0.1ms)[0m  SELECT "schema_migrations"."version" FROM "schema_migrations" 
Migrating to CreateUserTable (20130519163213)
  [1m[36m (0.0ms)[0m  [1mbegin transaction[0m
  [1m[35m (0.3ms)[0m  CREATE TABLE "users" ("id" INTEGER PRIMARY KEY AUTOINCREMENT NOT NULL, "first_name" varchar(255) DEFAULT 'Anonymous', "last_name" varchar(255), "is_author" boolean DEFAULT 'f', "email" varchar(255), "created_at" datetime NOT NULL, "updated_at" datetime NOT NULL) 
  [1m[36m (0.1ms)[0m  [1mCREATE TABLE "blogs" ("id" INTEGER PRIMARY KEY AUTOINCREMENT NOT NULL, "author_id" integer, "title" varchar(255), "body" text, "created_at" datetime NOT NULL, "updated_at" datetime NOT NULL) [0m
  [1m[35m (0.1ms)[0m  CREATE TABLE "comments" ("id" INTEGER PRIMARY KEY AUTOINCREMENT NOT NULL, "user_id" integer, "body" text, "created_at" datetime NOT NULL, "updated_at" datetime NOT NULL) 
  [1m[36m (0.1ms)[0m  [1mCREATE TABLE "categories" ("id" INTEGER PRIMARY KEY AUTOINCREMENT NOT NULL, "blog_id" integer, "category" varchar(255)) [0m
  [1m[35m (0.1ms)[0m  INSERT INTO "schema_migrations" ("version") VALUES ('20130519163213')
  [1m[36m (0.7ms)[0m  [1mcommit transaction[0m
  [1m[35m (0.1ms)[0m  SELECT "schema_migrations"."version" FROM "schema_migrations" 
Connecting to database specified by database.yml
  [1m[36m (0.1ms)[0m  [1mSELECT "schema_migrations"."version" FROM "schema_migrations" [0m
Migrating to CreateUserTable (20130519163213)
  [1m[35m (0.0ms)[0m  select sqlite_version(*)
  [1m[36m (0.1ms)[0m  [1mSELECT "schema_migrations"."version" FROM "schema_migrations" [0m
Connecting to database specified by database.yml
  [1m[36m (0.2ms)[0m  [1mselect sqlite_version(*)[0m
  [1m[35m (2.4ms)[0m  CREATE TABLE "schema_migrations" ("version" varchar(255) NOT NULL) 
  [1m[36m (0.6ms)[0m  [1mCREATE UNIQUE INDEX "unique_schema_migrations" ON "schema_migrations" ("version")[0m
  [1m[35m (0.1ms)[0m  SELECT "schema_migrations"."version" FROM "schema_migrations" 
Migrating to CreateUserTable (20130519163213)
  [1m[36m (0.0ms)[0m  [1mbegin transaction[0m
  [1m[35m (0.5ms)[0m  CREATE TABLE "users" ("id" INTEGER PRIMARY KEY AUTOINCREMENT NOT NULL, "first_name" varchar(255) DEFAULT 'Anonymous', "last_name" varchar(255), "is_author" boolean DEFAULT 'f', "email" varchar(255), "created_at" datetime NOT NULL, "updated_at" datetime NOT NULL) 
  [1m[36m (0.1ms)[0m  [1mCREATE TABLE "blogs" ("id" INTEGER PRIMARY KEY AUTOINCREMENT NOT NULL, "author_id" integer, "title" varchar(255) NOT NULL, "body" text NOT NULL, "created_at" datetime NOT NULL, "updated_at" datetime NOT NULL) [0m
  [1m[35m (0.1ms)[0m  CREATE TABLE "comments" ("id" INTEGER PRIMARY KEY AUTOINCREMENT NOT NULL, "user_id" integer, "body" text NOT NULL, "created_at" datetime NOT NULL, "updated_at" datetime NOT NULL) 
  [1m[36m (0.1ms)[0m  [1mCREATE TABLE "categories" ("id" INTEGER PRIMARY KEY AUTOINCREMENT NOT NULL, "blog_id" integer, "category" varchar(255)) [0m
  [1m[35m (0.1ms)[0m  INSERT INTO "schema_migrations" ("version") VALUES ('20130519163213')
  [1m[36m (0.7ms)[0m  [1mcommit transaction[0m
  [1m[35m (0.1ms)[0m  SELECT "schema_migrations"."version" FROM "schema_migrations" 
Connecting to database specified by database.yml
Connecting to database specified by database.yml
Connecting to database specified by database.yml
Connecting to database specified by database.yml
Connecting to database specified by database.yml
Connecting to database specified by database.yml
Connecting to database specified by database.yml
Connecting to database specified by database.yml
  [1m[36m (0.1ms)[0m  [1mSELECT "schema_migrations"."version" FROM "schema_migrations" [0m
Migrating to CreateTables (20130519163213)
Migrating to CreateBlogs (20130519170645)
  [1m[35m (0.0ms)[0m  select sqlite_version(*)
  [1m[36m (0.0ms)[0m  [1mbegin transaction[0m
  [1m[35m (0.2ms)[0m  CREATE TABLE "blogs" ("id" INTEGER PRIMARY KEY AUTOINCREMENT NOT NULL, "created_at" datetime NOT NULL, "updated_at" datetime NOT NULL) 
SQLite3::SQLException: table "blogs" already exists: CREATE TABLE "blogs" ("id" INTEGER PRIMARY KEY AUTOINCREMENT NOT NULL, "created_at" datetime NOT NULL, "updated_at" datetime NOT NULL) 
  [1m[36m (0.0ms)[0m  [1mrollback transaction[0m
Connecting to database specified by database.yml
  [1m[36m (0.1ms)[0m  [1mSELECT "schema_migrations"."version" FROM "schema_migrations" [0m
Migrating to CreateTables (20130519163213)
Migrating to TableEdits (20130521013216)
  [1m[35m (0.0ms)[0m  select sqlite_version(*)
  [1m[36m (0.0ms)[0m  [1mbegin transaction[0m
  [1m[35m (2.3ms)[0m  ALTER TABLE "blogs" ADD "author_id" integer
SQLite3::SQLException: duplicate column name: author_id: ALTER TABLE "blogs" ADD "author_id" integer
  [1m[36m (0.1ms)[0m  [1mrollback transaction[0m
Connecting to database specified by database.yml
  [1m[36m (0.1ms)[0m  [1mSELECT "schema_migrations"."version" FROM "schema_migrations" [0m
Migrating to CreateTables (20130519163213)
Migrating to TableEdits (20130521013216)
  [1m[35m (0.0ms)[0m  select sqlite_version(*)
  [1m[36m (0.0ms)[0m  [1mbegin transaction[0m
  [1m[35m (0.1ms)[0m  ALTER TABLE "blogs" ADD "author_id" integer
SQLite3::SQLException: duplicate column name: author_id: ALTER TABLE "blogs" ADD "author_id" integer
  [1m[36m (0.0ms)[0m  [1mrollback transaction[0m
Connecting to database specified by database.yml
  [1m[36m (0.1ms)[0m  [1mSELECT "schema_migrations"."version" FROM "schema_migrations" [0m
Migrating to CreateTables (20130519163213)
Migrating to TableEdits (20130521013216)
  [1m[35m (0.0ms)[0m  select sqlite_version(*)
  [1m[36m (0.0ms)[0m  [1mbegin transaction[0m
  [1m[35m (0.3ms)[0m  ALTER TABLE "blogs" ADD "category_id" integer
  [1m[36m (0.4ms)[0m  [1mCREATE TEMPORARY TABLE "altered_categories" ("id" INTEGER PRIMARY KEY AUTOINCREMENT NOT NULL, "blog_id" integer, "category" varchar(255)) [0m
  [1m[35m (0.0ms)[0m  SELECT * FROM "categories"
  [1m[36m (0.2ms)[0m  [1mDROP TABLE "categories"[0m
  [1m[35m (0.1ms)[0m  CREATE TABLE "categories" ("id" INTEGER PRIMARY KEY AUTOINCREMENT NOT NULL, "category" varchar(255)) 
  [1m[36m (0.0ms)[0m  [1mSELECT * FROM "altered_categories"[0m
  [1m[35m (0.2ms)[0m  DROP TABLE "altered_categories"
  [1m[36m (0.1ms)[0m  [1mALTER TABLE "comments" ADD "blog_id" integer[0m
  [1m[35m (0.1ms)[0m  INSERT INTO "schema_migrations" ("version") VALUES ('20130521013216')
  [1m[36m (3.1ms)[0m  [1mcommit transaction[0m
  [1m[35m (0.1ms)[0m  SELECT "schema_migrations"."version" FROM "schema_migrations" 
Connecting to database specified by database.yml
Connecting to database specified by database.yml
  [1m[36m (0.1ms)[0m  [1mSELECT "schema_migrations"."version" FROM "schema_migrations" [0m
Migrating to CreateTables (20130519163213)
Migrating to TableEdits (20130521013216)
Migrating to BlogidConstraintToComments (20130521014240)
  [1m[35m (0.0ms)[0m  select sqlite_version(*)
  [1m[36m (0.0ms)[0m  [1mbegin transaction[0m
  [1m[35m (0.5ms)[0m  CREATE TEMPORARY TABLE "altered_comments" ("id" INTEGER PRIMARY KEY AUTOINCREMENT NOT NULL, "user_id" integer, "body" text NOT NULL, "created_at" datetime NOT NULL, "updated_at" datetime NOT NULL, "blog_id" integer) 
  [1m[36m (0.1ms)[0m  [1mSELECT * FROM "comments"[0m
  [1m[35m (0.2ms)[0m  DROP TABLE "comments"
  [1m[36m (0.1ms)[0m  [1mCREATE TABLE "comments" ("id" INTEGER PRIMARY KEY AUTOINCREMENT NOT NULL, "user_id" integer, "body" text NOT NULL, "created_at" datetime NOT NULL, "updated_at" datetime NOT NULL) [0m
  [1m[35m (0.0ms)[0m  SELECT * FROM "altered_comments"
  [1m[36m (0.2ms)[0m  [1mDROP TABLE "altered_comments"[0m
  [1m[35m (0.1ms)[0m  ALTER TABLE "comments" ADD "blog_id" integer NOT NULL
SQLite3::SQLException: Cannot add a NOT NULL column with default value NULL: ALTER TABLE "comments" ADD "blog_id" integer NOT NULL
  [1m[36m (1.8ms)[0m  [1mrollback transaction[0m
Connecting to database specified by database.yml
  [1m[36m (0.1ms)[0m  [1mSELECT "schema_migrations"."version" FROM "schema_migrations" [0m
Migrating to CreateTables (20130519163213)
Migrating to TableEdits (20130521013216)
Migrating to BlogidConstraintToComments (20130521014240)
  [1m[35m (0.0ms)[0m  select sqlite_version(*)
  [1m[36m (0.0ms)[0m  [1mbegin transaction[0m
  [1m[35m (0.5ms)[0m  CREATE TEMPORARY TABLE "altered_comments" ("id" INTEGER PRIMARY KEY AUTOINCREMENT NOT NULL, "user_id" integer, "body" text NOT NULL, "created_at" datetime NOT NULL, "updated_at" datetime NOT NULL, "blog_id" integer) 
  [1m[36m (0.1ms)[0m  [1mSELECT * FROM "comments"[0m
  [1m[35m (0.1ms)[0m  DROP TABLE "comments"
  [1m[36m (0.1ms)[0m  [1mCREATE TABLE "comments" ("id" INTEGER PRIMARY KEY AUTOINCREMENT NOT NULL, "user_id" integer, "body" text NOT NULL, "created_at" datetime NOT NULL, "updated_at" datetime NOT NULL) [0m
  [1m[35m (0.0ms)[0m  SELECT * FROM "altered_comments"
  [1m[36m (0.3ms)[0m  [1mDROP TABLE "altered_comments"[0m
  [1m[35m (0.1ms)[0m  ALTER TABLE "comments" ADD "blog_id" integer NOT NULL
SQLite3::SQLException: Cannot add a NOT NULL column with default value NULL: ALTER TABLE "comments" ADD "blog_id" integer NOT NULL
  [1m[36m (1.7ms)[0m  [1mrollback transaction[0m
Connecting to database specified by database.yml
  [1m[36m (0.1ms)[0m  [1mSELECT "schema_migrations"."version" FROM "schema_migrations" [0m
Migrating to CreateTables (20130519163213)
Migrating to TableEdits (20130521013216)
Migrating to BlogidConstraintToComments (20130521014240)
  [1m[35m (0.0ms)[0m  select sqlite_version(*)
  [1m[36m (0.0ms)[0m  [1mbegin transaction[0m
  [1m[35m (0.5ms)[0m  CREATE TEMPORARY TABLE "altered_comments" ("id" INTEGER PRIMARY KEY AUTOINCREMENT NOT NULL, "user_id" integer, "body" text NOT NULL, "created_at" datetime NOT NULL, "updated_at" datetime NOT NULL, "blog_id" integer) 
  [1m[36m (0.1ms)[0m  [1mSELECT * FROM "comments"[0m
  [1m[35m (0.2ms)[0m  DROP TABLE "comments"
  [1m[36m (0.1ms)[0m  [1mCREATE TABLE "comments" ("id" INTEGER PRIMARY KEY AUTOINCREMENT NOT NULL, "user_id" integer, "body" text NOT NULL, "created_at" datetime NOT NULL, "updated_at" datetime NOT NULL) [0m
  [1m[35m (0.0ms)[0m  SELECT * FROM "altered_comments"
  [1m[36m (0.2ms)[0m  [1mDROP TABLE "altered_comments"[0m
  [1m[35m (0.1ms)[0m  INSERT INTO "schema_migrations" ("version") VALUES ('20130521014240')
  [1m[36m (3.0ms)[0m  [1mcommit transaction[0m
  [1m[35m (0.1ms)[0m  SELECT "schema_migrations"."version" FROM "schema_migrations" 
Connecting to database specified by database.yml
Connecting to database specified by database.yml
  [1m[36m (0.1ms)[0m  [1mSELECT "schema_migrations"."version" FROM "schema_migrations" [0m
Migrating to CreateTables (20130519163213)
Migrating to TableEdits (20130521013216)
Migrating to BlogidConstraintToComments (20130521014240)
Migrating to CommentConstraint (20130521014747)
  [1m[35m (0.0ms)[0m  select sqlite_version(*)
  [1m[36m (0.0ms)[0m  [1mbegin transaction[0m
  [1m[35m (0.1ms)[0m  ALTER TABLE "comments" ADD "blog_id" integer NOT NULL
SQLite3::SQLException: Cannot add a NOT NULL column with default value NULL: ALTER TABLE "comments" ADD "blog_id" integer NOT NULL
  [1m[36m (0.0ms)[0m  [1mrollback transaction[0m
Connecting to database specified by database.yml
  [1m[36m (0.4ms)[0m  [1mSELECT "schema_migrations"."version" FROM "schema_migrations" [0m
Migrating to CreateTables (20130519163213)
Migrating to TableEdits (20130521013216)
Migrating to BlogidConstraintToComments (20130521014240)
Migrating to CommentConstraint (20130521014747)
  [1m[35m (0.1ms)[0m  select sqlite_version(*)
  [1m[36m (0.0ms)[0m  [1mbegin transaction[0m
  [1m[35m (0.8ms)[0m  ALTER TABLE "comments" ADD "blog_id" integer NOT NULL
SQLite3::SQLException: Cannot add a NOT NULL column with default value NULL: ALTER TABLE "comments" ADD "blog_id" integer NOT NULL
  [1m[36m (0.0ms)[0m  [1mrollback transaction[0m
Connecting to database specified by database.yml
  [1m[36m (0.1ms)[0m  [1mSELECT "schema_migrations"."version" FROM "schema_migrations" [0m
Migrating to CreateTables (20130519163213)
Migrating to TableEdits (20130521013216)
Migrating to BlogidConstraintToComments (20130521014240)
Migrating to CommentConstraint (20130521014747)
  [1m[35m (0.0ms)[0m  select sqlite_version(*)
  [1m[36m (0.0ms)[0m  [1mbegin transaction[0m
  [1m[35m (0.1ms)[0m  ALTER TABLE "comments" ADD "blog_id" integer NOT NULL
SQLite3::SQLException: Cannot add a NOT NULL column with default value NULL: ALTER TABLE "comments" ADD "blog_id" integer NOT NULL
  [1m[36m (0.0ms)[0m  [1mrollback transaction[0m
Connecting to database specified by database.yml
  [1m[36m (0.1ms)[0m  [1mSELECT "schema_migrations"."version" FROM "schema_migrations" [0m
  [1m[35m (0.1ms)[0m  SELECT "schema_migrations"."version" FROM "schema_migrations" 
Migrating to BlogidConstraintToComments (20130521014240)
  [1m[36m (0.0ms)[0m  [1mselect sqlite_version(*)[0m
  [1m[35m (0.0ms)[0m  begin transaction
  [1m[36m (3.0ms)[0m  [1mALTER TABLE "comments" ADD "blog_id" integer[0m
  [1m[35m (0.1ms)[0m  DELETE FROM "schema_migrations" WHERE "schema_migrations"."version" = '20130521014240'
  [1m[36m (0.8ms)[0m  [1mcommit transaction[0m
  [1m[35m (0.1ms)[0m  SELECT "schema_migrations"."version" FROM "schema_migrations" 
Connecting to database specified by database.yml
  [1m[36m (0.1ms)[0m  [1mSELECT "schema_migrations"."version" FROM "schema_migrations" [0m
Migrating to CreateTables (20130519163213)
Migrating to TableEdits (20130521013216)
Migrating to CommentConstraint (20130521014747)
  [1m[35m (0.0ms)[0m  select sqlite_version(*)
  [1m[36m (0.0ms)[0m  [1mbegin transaction[0m
  [1m[35m (0.1ms)[0m  ALTER TABLE "comments" ADD "blog_id" integer NOT NULL
SQLite3::SQLException: duplicate column name: blog_id: ALTER TABLE "comments" ADD "blog_id" integer NOT NULL
  [1m[36m (0.0ms)[0m  [1mrollback transaction[0m
Connecting to database specified by database.yml
  [1m[36m (0.1ms)[0m  [1mSELECT "schema_migrations"."version" FROM "schema_migrations" [0m
  [1m[35m (0.1ms)[0m  SELECT "schema_migrations"."version" FROM "schema_migrations" 
Migrating to TableEdits (20130521013216)
  [1m[36m (0.0ms)[0m  [1mselect sqlite_version(*)[0m
  [1m[35m (0.0ms)[0m  begin transaction
  [1m[36m (0.5ms)[0m  [1mCREATE TEMPORARY TABLE "altered_blogs" ("id" INTEGER PRIMARY KEY AUTOINCREMENT NOT NULL, "author_id" integer, "title" varchar(255) NOT NULL, "body" text NOT NULL, "created_at" datetime NOT NULL, "updated_at" datetime NOT NULL, "category_id" integer) [0m
  [1m[35m (0.1ms)[0m  SELECT * FROM "blogs"
  [1m[36m (0.2ms)[0m  [1mDROP TABLE "blogs"[0m
  [1m[35m (0.1ms)[0m  CREATE TABLE "blogs" ("id" INTEGER PRIMARY KEY AUTOINCREMENT NOT NULL, "author_id" integer, "title" varchar(255) NOT NULL, "body" text NOT NULL, "created_at" datetime NOT NULL, "updated_at" datetime NOT NULL) 
  [1m[36m (0.0ms)[0m  [1mSELECT * FROM "altered_blogs"[0m
  [1m[35m (0.2ms)[0m  DROP TABLE "altered_blogs"
  [1m[36m (0.1ms)[0m  [1mALTER TABLE "categories" ADD "blog_id" integer[0m
  [1m[35m (0.1ms)[0m  CREATE TEMPORARY TABLE "altered_comments" ("id" INTEGER PRIMARY KEY AUTOINCREMENT NOT NULL, "user_id" integer, "body" text NOT NULL, "created_at" datetime NOT NULL, "updated_at" datetime NOT NULL, "blog_id" integer) 
  [1m[36m (0.0ms)[0m  [1mSELECT * FROM "comments"[0m
  [1m[35m (0.2ms)[0m  DROP TABLE "comments"
  [1m[36m (0.1ms)[0m  [1mCREATE TABLE "comments" ("id" INTEGER PRIMARY KEY AUTOINCREMENT NOT NULL, "user_id" integer, "body" text NOT NULL, "created_at" datetime NOT NULL, "updated_at" datetime NOT NULL) [0m
  [1m[35m (0.0ms)[0m  SELECT * FROM "altered_comments"
  [1m[36m (0.1ms)[0m  [1mDROP TABLE "altered_comments"[0m
  [1m[35m (0.1ms)[0m  DELETE FROM "schema_migrations" WHERE "schema_migrations"."version" = '20130521013216'
  [1m[36m (1.2ms)[0m  [1mcommit transaction[0m
  [1m[35m (0.1ms)[0m  SELECT "schema_migrations"."version" FROM "schema_migrations" 
Connecting to database specified by database.yml
  [1m[36m (0.1ms)[0m  [1mSELECT "schema_migrations"."version" FROM "schema_migrations" [0m
Migrating to CreateTables (20130519163213)
Migrating to TableEdits (20130521013216)
  [1m[35m (0.0ms)[0m  select sqlite_version(*)
  [1m[36m (0.0ms)[0m  [1mbegin transaction[0m
  [1m[35m (0.9ms)[0m  ALTER TABLE "blogs" ADD "category_id" integer
  [1m[36m (0.4ms)[0m  [1mCREATE TEMPORARY TABLE "altered_categories" ("id" INTEGER PRIMARY KEY AUTOINCREMENT NOT NULL, "category" varchar(255), "blog_id" integer) [0m
  [1m[35m (0.0ms)[0m  SELECT * FROM "categories"
  [1m[36m (0.2ms)[0m  [1mDROP TABLE "categories"[0m
  [1m[35m (0.1ms)[0m  CREATE TABLE "categories" ("id" INTEGER PRIMARY KEY AUTOINCREMENT NOT NULL, "category" varchar(255)) 
  [1m[36m (0.0ms)[0m  [1mSELECT * FROM "altered_categories"[0m
  [1m[35m (0.2ms)[0m  DROP TABLE "altered_categories"
  [1m[36m (0.1ms)[0m  [1mALTER TABLE "comments" ADD "blog_id" integer[0m
  [1m[35m (0.1ms)[0m  INSERT INTO "schema_migrations" ("version") VALUES ('20130521013216')
  [1m[36m (2.3ms)[0m  [1mcommit transaction[0m
Migrating to CommentConstraint (20130521014747)
  [1m[35m (0.0ms)[0m  begin transaction
  [1m[36m (0.2ms)[0m  [1mALTER TABLE "comments" ADD "blog_id" integer NOT NULL[0m
SQLite3::SQLException: duplicate column name: blog_id: ALTER TABLE "comments" ADD "blog_id" integer NOT NULL
  [1m[35m (0.0ms)[0m  rollback transaction
Connecting to database specified by database.yml
  [1m[36m (0.1ms)[0m  [1mselect sqlite_version(*)[0m
  [1m[35m (2.4ms)[0m  CREATE TABLE "schema_migrations" ("version" varchar(255) NOT NULL) 
  [1m[36m (1.0ms)[0m  [1mCREATE UNIQUE INDEX "unique_schema_migrations" ON "schema_migrations" ("version")[0m
  [1m[35m (0.1ms)[0m  SELECT "schema_migrations"."version" FROM "schema_migrations" 
Migrating to CreateTables (20130519163213)
  [1m[36m (0.0ms)[0m  [1mbegin transaction[0m
  [1m[35m (0.0ms)[0m  rollback transaction
Connecting to database specified by database.yml
  [1m[36m (0.1ms)[0m  [1mselect sqlite_version(*)[0m
  [1m[35m (2.7ms)[0m  CREATE TABLE "schema_migrations" ("version" varchar(255) NOT NULL) 
  [1m[36m (0.9ms)[0m  [1mCREATE UNIQUE INDEX "unique_schema_migrations" ON "schema_migrations" ("version")[0m
  [1m[35m (0.1ms)[0m  SELECT "schema_migrations"."version" FROM "schema_migrations" 
Migrating to CreateTables (20130519163213)
  [1m[36m (0.0ms)[0m  [1mbegin transaction[0m
  [1m[35m (0.0ms)[0m  rollback transaction
Connecting to database specified by database.yml
  [1m[36m (0.1ms)[0m  [1mselect sqlite_version(*)[0m
  [1m[35m (2.6ms)[0m  CREATE TABLE "schema_migrations" ("version" varchar(255) NOT NULL) 
  [1m[36m (1.0ms)[0m  [1mCREATE UNIQUE INDEX "unique_schema_migrations" ON "schema_migrations" ("version")[0m
  [1m[35m (0.1ms)[0m  SELECT "schema_migrations"."version" FROM "schema_migrations" 
Migrating to CreateTables (20130519163213)
  [1m[36m (0.0ms)[0m  [1mbegin transaction[0m
  [1m[35m (0.0ms)[0m  rollback transaction
Connecting to database specified by database.yml
Connecting to database specified by database.yml
  [1m[36m (0.1ms)[0m  [1mSELECT "schema_migrations"."version" FROM "schema_migrations" [0m
Migrating to CreateTables (20130521034150)
  [1m[35m (0.0ms)[0m  select sqlite_version(*)
  [1m[36m (0.0ms)[0m  [1mbegin transaction[0m
  [1m[35m (0.4ms)[0m  CREATE TABLE "users" ("id" INTEGER PRIMARY KEY AUTOINCREMENT NOT NULL, "first_name" varchar(255) DEFAULT 'Anonymous', "last_name" varchar(255), "is_author" boolean DEFAULT 'f', "email" varchar(255), "created_at" datetime NOT NULL, "updated_at" datetime NOT NULL) 
  [1m[36m (0.1ms)[0m  [1mCREATE TABLE "blogs" ("id" INTEGER PRIMARY KEY AUTOINCREMENT NOT NULL, "title" varchar(255) NOT NULL, "body" text NOT NULL, "category_id" integer, "author_id" integer, "created_at" datetime NOT NULL, "updated_at" datetime NOT NULL) [0m
  [1m[35m (0.1ms)[0m  CREATE TABLE "comments" ("id" INTEGER PRIMARY KEY AUTOINCREMENT NOT NULL, "blog_id" integer NOT NULL, "user_id" integer, "body" text NOT NULL, "created_at" datetime NOT NULL, "updated_at" datetime NOT NULL) 
  [1m[36m (0.1ms)[0m  [1mCREATE TABLE "categories" ("id" INTEGER PRIMARY KEY AUTOINCREMENT NOT NULL, "category" varchar(255)) [0m
  [1m[35m (0.1ms)[0m  INSERT INTO "schema_migrations" ("version") VALUES ('20130521034150')
  [1m[36m (0.5ms)[0m  [1mcommit transaction[0m
  [1m[35m (0.1ms)[0m  SELECT "schema_migrations"."version" FROM "schema_migrations" 
Connecting to database specified by database.yml
SQLite3::SQLException: no such column: blogs.user_id: SELECT "blogs".* FROM "blogs"  WHERE "blogs"."user_id" = 2
Connecting to database specified by database.yml
Connecting to database specified by database.yml
Connecting to database specified by database.yml
  [1m[36m (0.1ms)[0m  [1mSELECT "schema_migrations"."version" FROM "schema_migrations" [0m
Migrating to CreateTables (20130521034150)
Migrating to UpdateAuthorid (20130521043105)
  [1m[35m (0.0ms)[0m  select sqlite_version(*)
  [1m[36m (0.0ms)[0m  [1mbegin transaction[0m
  [1m[35m (0.5ms)[0m  CREATE TEMPORARY TABLE "altered_blogs" ("id" INTEGER PRIMARY KEY AUTOINCREMENT NOT NULL, "title" varchar(255) NOT NULL, "body" text NOT NULL, "category_id" integer, "author_id" integer, "created_at" datetime NOT NULL, "updated_at" datetime NOT NULL) 
  [1m[36m (0.1ms)[0m  [1mSELECT * FROM "blogs"[0m
  [1m[35m (0.1ms)[0m  INSERT INTO "altered_blogs" ("id","title","body","category_id","author_id","created_at","updated_at") VALUES (1, 'Awesome Typography', 'With great typography comes great powers', NULL, 2, '2013-05-21 04:28:48.314523', '2013-05-21 04:28:48.314523')
  [1m[36m (0.2ms)[0m  [1mDROP TABLE "blogs"[0m
  [1m[35m (0.1ms)[0m  CREATE TABLE "blogs" ("id" INTEGER PRIMARY KEY AUTOINCREMENT NOT NULL, "title" varchar(255) NOT NULL, "body" text NOT NULL, "category_id" integer, "created_at" datetime NOT NULL, "updated_at" datetime NOT NULL) 
  [1m[36m (0.0ms)[0m  [1mSELECT * FROM "altered_blogs"[0m
  [1m[35m (0.0ms)[0m  INSERT INTO "blogs" ("id","title","body","category_id","created_at","updated_at") VALUES (1, 'Awesome Typography', 'With great typography comes great powers', NULL, '2013-05-21 04:28:48.314523', '2013-05-21 04:28:48.314523')
  [1m[36m (0.3ms)[0m  [1mDROP TABLE "altered_blogs"[0m
  [1m[35m (0.1ms)[0m  ALTER TABLE "blogs" ADD "user_id" integer
  [1m[36m (0.1ms)[0m  [1mINSERT INTO "schema_migrations" ("version") VALUES ('20130521043105')[0m
  [1m[35m (2.4ms)[0m  commit transaction
  [1m[36m (0.1ms)[0m  [1mSELECT "schema_migrations"."version" FROM "schema_migrations" [0m
